[DEBUG][20-02-13][org.apache.ibatis.logging.LogFactory]Logging initialized using 'class org.apache.ibatis.logging.log4j.Log4jImpl' adapter.
[DEBUG][20-02-13][org.apache.ibatis.logging.LogFactory]Logging initialized using 'class org.apache.ibatis.logging.log4j.Log4jImpl' adapter.
[DEBUG][20-02-13][org.apache.ibatis.datasource.pooled.PooledDataSource]PooledDataSource forcefully closed/removed all connections.
[DEBUG][20-02-13][org.apache.ibatis.datasource.pooled.PooledDataSource]PooledDataSource forcefully closed/removed all connections.
[DEBUG][20-02-13][org.apache.ibatis.datasource.pooled.PooledDataSource]PooledDataSource forcefully closed/removed all connections.
[DEBUG][20-02-13][org.apache.ibatis.datasource.pooled.PooledDataSource]PooledDataSource forcefully closed/removed all connections.
[DEBUG][20-02-13][org.apache.ibatis.transaction.jdbc.JdbcTransaction]Opening JDBC Connection
[DEBUG][20-02-13][org.apache.ibatis.datasource.pooled.PooledDataSource]Created connection 1738236591.
[DEBUG][20-02-13][org.apache.ibatis.transaction.jdbc.JdbcTransaction]Setting autocommit to false on JDBC Connection [com.mysql.jdbc.JDBC4Connection@679b62af]
[DEBUG][20-02-13][com.zhuuu.dao.Mapper.getUserList]==>  Preparing: select *from mybatis.user 
[DEBUG][20-02-13][com.zhuuu.dao.Mapper.getUserList]==> Parameters: 
[DEBUG][20-02-13][com.zhuuu.dao.Mapper.getUserList]<==      Total: 5
[DEBUG][20-02-13][org.apache.ibatis.transaction.jdbc.JdbcTransaction]Resetting autocommit to true on JDBC Connection [com.mysql.jdbc.JDBC4Connection@679b62af]
[DEBUG][20-02-13][org.apache.ibatis.transaction.jdbc.JdbcTransaction]Closing JDBC Connection [com.mysql.jdbc.JDBC4Connection@679b62af]
[DEBUG][20-02-13][org.apache.ibatis.datasource.pooled.PooledDataSource]Returned connection 1738236591 to pool.
[DEBUG][20-02-13][org.apache.ibatis.transaction.jdbc.JdbcTransaction]Opening JDBC Connection
[DEBUG][20-02-13][org.apache.ibatis.datasource.pooled.PooledDataSource]Checked out connection 1738236591 from pool.
[DEBUG][20-02-13][org.apache.ibatis.transaction.jdbc.JdbcTransaction]Setting autocommit to false on JDBC Connection [com.mysql.jdbc.JDBC4Connection@679b62af]
[DEBUG][20-02-13][com.zhuuu.dao.Mapper.getUserbyID]==>  Preparing: select * from mybatis.user where id = ? 
[DEBUG][20-02-13][com.zhuuu.dao.Mapper.getUserbyID]==> Parameters: 1(Integer)
[DEBUG][20-02-13][com.zhuuu.dao.Mapper.getUserbyID]<==      Total: 1
[DEBUG][20-02-13][org.apache.ibatis.transaction.jdbc.JdbcTransaction]Resetting autocommit to true on JDBC Connection [com.mysql.jdbc.JDBC4Connection@679b62af]
[DEBUG][20-02-13][org.apache.ibatis.transaction.jdbc.JdbcTransaction]Closing JDBC Connection [com.mysql.jdbc.JDBC4Connection@679b62af]
[DEBUG][20-02-13][org.apache.ibatis.datasource.pooled.PooledDataSource]Returned connection 1738236591 to pool.
[INFO][20-02-13][daoTest]info:进入了selectUser方法
[DEBUG][20-02-13][daoTest]debug:进入了selectUser方法
[ERROR][20-02-13][daoTest]error:进入了selectUser方法
[DEBUG][20-02-13][org.apache.ibatis.logging.LogFactory]Logging initialized using 'class org.apache.ibatis.logging.log4j.Log4jImpl' adapter.
[DEBUG][20-02-13][org.apache.ibatis.logging.LogFactory]Logging initialized using 'class org.apache.ibatis.logging.log4j.Log4jImpl' adapter.
[DEBUG][20-02-13][org.apache.ibatis.datasource.pooled.PooledDataSource]PooledDataSource forcefully closed/removed all connections.
[DEBUG][20-02-13][org.apache.ibatis.datasource.pooled.PooledDataSource]PooledDataSource forcefully closed/removed all connections.
[DEBUG][20-02-13][org.apache.ibatis.datasource.pooled.PooledDataSource]PooledDataSource forcefully closed/removed all connections.
[DEBUG][20-02-13][org.apache.ibatis.datasource.pooled.PooledDataSource]PooledDataSource forcefully closed/removed all connections.
[DEBUG][20-02-13][org.apache.ibatis.transaction.jdbc.JdbcTransaction]Opening JDBC Connection
[DEBUG][20-02-13][org.apache.ibatis.datasource.pooled.PooledDataSource]Created connection 673186785.
[DEBUG][20-02-13][org.apache.ibatis.transaction.jdbc.JdbcTransaction]Setting autocommit to false on JDBC Connection [com.mysql.jdbc.JDBC4Connection@282003e1]
[DEBUG][20-02-13][com.zhuuu.dao.Mapper.getUserbyID]==>  Preparing: select * from mybatis.user where id = ? 
[DEBUG][20-02-13][com.zhuuu.dao.Mapper.getUserbyID]==> Parameters: 1(Integer)
[DEBUG][20-02-13][com.zhuuu.dao.Mapper.getUserbyID]<==      Total: 1
[DEBUG][20-02-13][org.apache.ibatis.transaction.jdbc.JdbcTransaction]Resetting autocommit to true on JDBC Connection [com.mysql.jdbc.JDBC4Connection@282003e1]
[DEBUG][20-02-13][org.apache.ibatis.transaction.jdbc.JdbcTransaction]Closing JDBC Connection [com.mysql.jdbc.JDBC4Connection@282003e1]
[DEBUG][20-02-13][org.apache.ibatis.datasource.pooled.PooledDataSource]Returned connection 673186785 to pool.
